<?xml version="1.0" encoding="UTF-8"?>
<testsuite xmlns:xsi="http://www.w3.org/2001/XMLSchema-instance" xsi:noNamespaceSchemaLocation="https://maven.apache.org/surefire/maven-surefire-plugin/xsd/surefire-test-report-3.0.xsd" version="3.0" name="com.example.demo.runners.CucumberTestRunner" time="13.235" tests="25" errors="0" skipped="0" failures="0">
  <properties>
[...]
</properties>
  <testcase name="Get all albums" classname="Albums API" time="1.98">
    <system-out><![CDATA[
Scenario: Get all albums                                           # src/test/resources/features/albums.feature:6
  Given the API base URL is "https://jsonplaceholder.typicode.com" # com.example.demo.steps.ApiStepDefinitions.the_api_base_url_is(java.lang.String)
  When I send a GET request to "/albums"                           # com.example.demo.steps.ApiStepDefinitions.i_send_a_get_request_to(java.lang.String)
  Then the response status code should be 200                      # com.example.demo.steps.ApiStepDefinitions.the_response_status_code_should_be(java.lang.Integer)
  And the response should contain 100 items                        # com.example.demo.steps.ApiStepDefinitions.the_response_should_contain_items(java.lang.Integer)
]]></system-out>
  </testcase>
  <testcase name="Get album by valid ID" classname="Albums API" time="2.658">
    <system-out><![CDATA[
Scenario: Get album by valid ID                                    # src/test/resources/features/albums.feature:11
  Given the API base URL is "https://jsonplaceholder.typicode.com" # com.example.demo.steps.ApiStepDefinitions.the_api_base_url_is(java.lang.String)
  When I send a GET request to "/albums/1"                         # com.example.demo.steps.ApiStepDefinitions.i_send_a_get_request_to(java.lang.String)
  Then the response status code should be 200                      # com.example.demo.steps.ApiStepDefinitions.the_response_status_code_should_be(java.lang.Integer)
  And the field "id" should equal 1                                # com.example.demo.steps.ApiStepDefinitions.the_field_should_equal_int(java.lang.String,java.lang.Integer)
]]></system-out>
  </testcase>
  <testcase name="Get album by invalid ID" classname="Albums API" time="0.1">
    <system-out><![CDATA[
Scenario: Get album by invalid ID                                  # src/test/resources/features/albums.feature:16
  Given the API base URL is "https://jsonplaceholder.typicode.com" # com.example.demo.steps.ApiStepDefinitions.the_api_base_url_is(java.lang.String)
  When I send a GET request to "/albums/9999"                      # com.example.demo.steps.ApiStepDefinitions.i_send_a_get_request_to(java.lang.String)
  Then the response status code should be 404                      # com.example.demo.steps.ApiStepDefinitions.the_response_status_code_should_be(java.lang.Integer)
]]></system-out>
  </testcase>
  <testcase name="Get all comments" classname="Comments API" time="0.159">
    <system-out><![CDATA[
Scenario: Get all comments                                         # src/test/resources/features/comments.feature:6
  Given the API base URL is "https://jsonplaceholder.typicode.com" # com.example.demo.steps.ApiStepDefinitions.the_api_base_url_is(java.lang.String)
  When I send a GET request to "/comments"                         # com.example.demo.steps.ApiStepDefinitions.i_send_a_get_request_to(java.lang.String)
  Then the response status code should be 200                      # com.example.demo.steps.ApiStepDefinitions.the_response_status_code_should_be(java.lang.Integer)
  And the response should contain 500 items                        # com.example.demo.steps.ApiStepDefinitions.the_response_should_contain_items(java.lang.Integer)
]]></system-out>
  </testcase>
  <testcase name="Get comments by valid postId" classname="Comments API" time="0.129">
    <system-out><![CDATA[
Scenario: Get comments by valid postId                             # src/test/resources/features/comments.feature:11
  Given the API base URL is "https://jsonplaceholder.typicode.com" # com.example.demo.steps.ApiStepDefinitions.the_api_base_url_is(java.lang.String)
  When I send a GET request to "/comments?postId=1"                # com.example.demo.steps.ApiStepDefinitions.i_send_a_get_request_to(java.lang.String)
  Then the response status code should be 200                      # com.example.demo.steps.ApiStepDefinitions.the_response_status_code_should_be(java.lang.Integer)
  And every item should have "postId" equal to 1                   # com.example.demo.steps.ApiStepDefinitions.every_item_should_have_equal_to(java.lang.String,java.lang.Integer)
]]></system-out>
  </testcase>
  <testcase name="Get comments by invalid postId" classname="Comments API" time="0.734">
    <system-out><![CDATA[
Scenario: Get comments by invalid postId                           # src/test/resources/features/comments.feature:16
  Given the API base URL is "https://jsonplaceholder.typicode.com" # com.example.demo.steps.ApiStepDefinitions.the_api_base_url_is(java.lang.String)
  When I send a GET request to "/comments?postId=9999"             # com.example.demo.steps.ApiStepDefinitions.i_send_a_get_request_to(java.lang.String)
  Then the response status code should be 200                      # com.example.demo.steps.ApiStepDefinitions.the_response_status_code_should_be(java.lang.Integer)
  And the response should contain 0 items                          # com.example.demo.steps.ApiStepDefinitions.the_response_should_contain_items(java.lang.Integer)
]]></system-out>
  </testcase>
  <testcase name="Get all photos" classname="Photos API" time="0.954">
    <system-out><![CDATA[
Scenario: Get all photos                                           # src/test/resources/features/photos.feature:6
  Given the API base URL is "https://jsonplaceholder.typicode.com" # com.example.demo.steps.ApiStepDefinitions.the_api_base_url_is(java.lang.String)
  When I send a GET request to "/photos"                           # com.example.demo.steps.ApiStepDefinitions.i_send_a_get_request_to(java.lang.String)
  Then the response status code should be 200                      # com.example.demo.steps.ApiStepDefinitions.the_response_status_code_should_be(java.lang.Integer)
  And the response should contain 5000 items                       # com.example.demo.steps.ApiStepDefinitions.the_response_should_contain_items(java.lang.Integer)
]]></system-out>
  </testcase>
  <testcase name="Get photos by valid albumId" classname="Photos API" time="0.107">
    <system-out><![CDATA[
Scenario: Get photos by valid albumId                              # src/test/resources/features/photos.feature:11
  Given the API base URL is "https://jsonplaceholder.typicode.com" # com.example.demo.steps.ApiStepDefinitions.the_api_base_url_is(java.lang.String)
  When I send a GET request to "/photos?albumId=1"                 # com.example.demo.steps.ApiStepDefinitions.i_send_a_get_request_to(java.lang.String)
  Then the response status code should be 200                      # com.example.demo.steps.ApiStepDefinitions.the_response_status_code_should_be(java.lang.Integer)
  And every item should have "albumId" equal to 1                  # com.example.demo.steps.ApiStepDefinitions.every_item_should_have_equal_to(java.lang.String,java.lang.Integer)
]]></system-out>
  </testcase>
  <testcase name="Get photos by invalid albumId" classname="Photos API" time="0.095">
    <system-out><![CDATA[
Scenario: Get photos by invalid albumId                            # src/test/resources/features/photos.feature:16
  Given the API base URL is "https://jsonplaceholder.typicode.com" # com.example.demo.steps.ApiStepDefinitions.the_api_base_url_is(java.lang.String)
  When I send a GET request to "/photos?albumId=9999"              # com.example.demo.steps.ApiStepDefinitions.i_send_a_get_request_to(java.lang.String)
  Then the response status code should be 200                      # com.example.demo.steps.ApiStepDefinitions.the_response_status_code_should_be(java.lang.Integer)
  And the response should contain 0 items                          # com.example.demo.steps.ApiStepDefinitions.the_response_should_contain_items(java.lang.Integer)
]]></system-out>
  </testcase>
  <testcase name="Get all posts" classname="Posts API" time="0.1">
    <system-out><![CDATA[
Scenario: Get all posts                                            # src/test/resources/features/posts.feature:7
  Given the API base URL is "https://jsonplaceholder.typicode.com" # com.example.demo.steps.ApiStepDefinitions.the_api_base_url_is(java.lang.String)
  When I send a GET request to "/posts"                            # com.example.demo.steps.ApiStepDefinitions.i_send_a_get_request_to(java.lang.String)
  Then the response status code should be 200                      # com.example.demo.steps.ApiStepDefinitions.the_response_status_code_should_be(java.lang.Integer)
  And the response should contain 100 items                        # com.example.demo.steps.ApiStepDefinitions.the_response_should_contain_items(java.lang.Integer)
]]></system-out>
  </testcase>
  <testcase name="Get a single post by ID" classname="Posts API" time="0.106">
    <system-out><![CDATA[
Scenario: Get a single post by ID                                  # src/test/resources/features/posts.feature:12
  Given the API base URL is "https://jsonplaceholder.typicode.com" # com.example.demo.steps.ApiStepDefinitions.the_api_base_url_is(java.lang.String)
  When I send a GET request to "/posts/1"                          # com.example.demo.steps.ApiStepDefinitions.i_send_a_get_request_to(java.lang.String)
  Then the response status code should be 200                      # com.example.demo.steps.ApiStepDefinitions.the_response_status_code_should_be(java.lang.Integer)
  And the field "id" should equal 1                                # com.example.demo.steps.ApiStepDefinitions.the_field_should_equal_int(java.lang.String,java.lang.Integer)
]]></system-out>
  </testcase>
  <testcase name="Create a new post with valid data" classname="Posts API" time="0.841">
    <system-out><![CDATA[
Scenario: Create a new post with valid data                        # src/test/resources/features/posts.feature:17
  Given the API base URL is "https://jsonplaceholder.typicode.com" # com.example.demo.steps.ApiStepDefinitions.the_api_base_url_is(java.lang.String)
  When I send a POST request to "/posts" with body:                # com.example.demo.steps.ApiStepDefinitions.i_send_a_post_request_to_with_body(java.lang.String,java.lang.String)
  Then the response status code should be 201                      # com.example.demo.steps.ApiStepDefinitions.the_response_status_code_should_be(java.lang.Integer)
  And the field "title" should equal "foo"                         # com.example.demo.steps.ApiStepDefinitions.the_field_should_equal_string(java.lang.String,java.lang.String)
  And the field "body" should equal "bar"                          # com.example.demo.steps.ApiStepDefinitions.the_field_should_equal_string(java.lang.String,java.lang.String)
  And the field "userId" should equal 1                            # com.example.demo.steps.ApiStepDefinitions.the_field_should_equal_int(java.lang.String,java.lang.Integer)
]]></system-out>
  </testcase>
  <testcase name="Create a new post with missing required field" classname="Posts API" time="0.804">
    <system-out><![CDATA[
Scenario: Create a new post with missing required field            # src/test/resources/features/posts.feature:32
  Given the API base URL is "https://jsonplaceholder.typicode.com" # com.example.demo.steps.ApiStepDefinitions.the_api_base_url_is(java.lang.String)
  When I send a POST request to "/posts" with body:                # com.example.demo.steps.ApiStepDefinitions.i_send_a_post_request_to_with_body(java.lang.String,java.lang.String)
  Then the response status code should be 201                      # com.example.demo.steps.ApiStepDefinitions.the_response_status_code_should_be(java.lang.Integer)
]]></system-out>
  </testcase>
  <testcase name="Update a post with valid ID using PUT" classname="Posts API" time="0.719">
    <system-out><![CDATA[
Scenario: Update a post with valid ID using PUT                    # src/test/resources/features/posts.feature:41
  Given the API base URL is "https://jsonplaceholder.typicode.com" # com.example.demo.steps.ApiStepDefinitions.the_api_base_url_is(java.lang.String)
  When I send a PUT request to "/posts/1" with body:               # com.example.demo.steps.ApiStepDefinitions.i_send_a_put_request_to_with_body(java.lang.String,java.lang.String)
  Then the response status code should be 200                      # com.example.demo.steps.ApiStepDefinitions.the_response_status_code_should_be(java.lang.Integer)
  And the field "title" should equal "updated title"               # com.example.demo.steps.ApiStepDefinitions.the_field_should_equal_string(java.lang.String,java.lang.String)
]]></system-out>
  </testcase>
  <testcase name="Update a post with invalid ID using PUT" classname="Posts API" time="0.753">
    <system-out><![CDATA[
Scenario: Update a post with invalid ID using PUT                  # src/test/resources/features/posts.feature:55
  Given the API base URL is "https://jsonplaceholder.typicode.com" # com.example.demo.steps.ApiStepDefinitions.the_api_base_url_is(java.lang.String)
  When I send a PUT request to "/posts/9999" with body:            # com.example.demo.steps.ApiStepDefinitions.i_send_a_put_request_to_with_body(java.lang.String,java.lang.String)
  Then the response status code should be 500                      # com.example.demo.steps.ApiStepDefinitions.the_response_status_code_should_be(java.lang.Integer)
]]></system-out>
  </testcase>
  <testcase name="Delete a post with valid ID" classname="Posts API" time="0.707">
    <system-out><![CDATA[
Scenario: Delete a post with valid ID                              # src/test/resources/features/posts.feature:67
  Given the API base URL is "https://jsonplaceholder.typicode.com" # com.example.demo.steps.ApiStepDefinitions.the_api_base_url_is(java.lang.String)
  When I send a DELETE request to "/posts/1"                       # com.example.demo.steps.ApiStepDefinitions.i_send_a_delete_request_to(java.lang.String)
  Then the response status code should be 200                      # com.example.demo.steps.ApiStepDefinitions.the_response_status_code_should_be(java.lang.Integer)
]]></system-out>
  </testcase>
  <testcase name="Delete a post with invalid ID" classname="Posts API" time="0.758">
    <system-out><![CDATA[
Scenario: Delete a post with invalid ID                            # src/test/resources/features/posts.feature:72
  Given the API base URL is "https://jsonplaceholder.typicode.com" # com.example.demo.steps.ApiStepDefinitions.the_api_base_url_is(java.lang.String)
  When I send a DELETE request to "/posts/9999"                    # com.example.demo.steps.ApiStepDefinitions.i_send_a_delete_request_to(java.lang.String)
  Then the response status code should be 200                      # com.example.demo.steps.ApiStepDefinitions.the_response_status_code_should_be(java.lang.Integer)
]]></system-out>
  </testcase>
  <testcase name="Get all todos" classname="Todos API" time="0.092">
    <system-out><![CDATA[
Scenario: Get all todos                                            # src/test/resources/features/todos.feature:6
  Given the API base URL is "https://jsonplaceholder.typicode.com" # com.example.demo.steps.ApiStepDefinitions.the_api_base_url_is(java.lang.String)
  When I send a GET request to "/todos"                            # com.example.demo.steps.ApiStepDefinitions.i_send_a_get_request_to(java.lang.String)
  Then the response status code should be 200                      # com.example.demo.steps.ApiStepDefinitions.the_response_status_code_should_be(java.lang.Integer)
  And the response should contain 200 items                        # com.example.demo.steps.ApiStepDefinitions.the_response_should_contain_items(java.lang.Integer)
]]></system-out>
  </testcase>
  <testcase name="Get todos by valid ID" classname="Todos API" time="0.111">
    <system-out><![CDATA[
Scenario: Get todos by valid ID                                    # src/test/resources/features/todos.feature:11
  Given the API base URL is "https://jsonplaceholder.typicode.com" # com.example.demo.steps.ApiStepDefinitions.the_api_base_url_is(java.lang.String)
  When I send a GET request to "/todos/1"                          # com.example.demo.steps.ApiStepDefinitions.i_send_a_get_request_to(java.lang.String)
  Then the response status code should be 200                      # com.example.demo.steps.ApiStepDefinitions.the_response_status_code_should_be(java.lang.Integer)
  And the field "id" should equal 1                                # com.example.demo.steps.ApiStepDefinitions.the_field_should_equal_int(java.lang.String,java.lang.Integer)
]]></system-out>
  </testcase>
  <testcase name="Get todos by invalid ID" classname="Todos API" time="0.093">
    <system-out><![CDATA[
Scenario: Get todos by invalid ID                                  # src/test/resources/features/todos.feature:16
  Given the API base URL is "https://jsonplaceholder.typicode.com" # com.example.demo.steps.ApiStepDefinitions.the_api_base_url_is(java.lang.String)
  When I send a GET request to "/todos/9999"                       # com.example.demo.steps.ApiStepDefinitions.i_send_a_get_request_to(java.lang.String)
  Then the response status code should be 404                      # com.example.demo.steps.ApiStepDefinitions.the_response_status_code_should_be(java.lang.Integer)
]]></system-out>
  </testcase>
  <testcase name="Validate completed field is boolean" classname="Todos API" time="0.092">
    <system-out><![CDATA[
Scenario: Validate completed field is boolean                      # src/test/resources/features/todos.feature:20
  Given the API base URL is "https://jsonplaceholder.typicode.com" # com.example.demo.steps.ApiStepDefinitions.the_api_base_url_is(java.lang.String)
  When I send a GET request to "/todos/1"                          # com.example.demo.steps.ApiStepDefinitions.i_send_a_get_request_to(java.lang.String)
  Then the response status code should be 200                      # com.example.demo.steps.ApiStepDefinitions.the_response_status_code_should_be(java.lang.Integer)
  And the field "completed" should equal "false"                   # com.example.demo.steps.ApiStepDefinitions.the_field_should_equal_string(java.lang.String,java.lang.String)
]]></system-out>
  </testcase>
  <testcase name="Get all users" classname="Users API" time="0.089">
    <system-out><![CDATA[
Scenario: Get all users                                            # src/test/resources/features/users.feature:6
  Given the API base URL is "https://jsonplaceholder.typicode.com" # com.example.demo.steps.ApiStepDefinitions.the_api_base_url_is(java.lang.String)
  When I send a GET request to "/users"                            # com.example.demo.steps.ApiStepDefinitions.i_send_a_get_request_to(java.lang.String)
  Then the response status code should be 200                      # com.example.demo.steps.ApiStepDefinitions.the_response_status_code_should_be(java.lang.Integer)
  And the response should contain 10 items                         # com.example.demo.steps.ApiStepDefinitions.the_response_should_contain_items(java.lang.Integer)
]]></system-out>
  </testcase>
  <testcase name="Get user by valid ID" classname="Users API" time="0.095">
    <system-out><![CDATA[
Scenario: Get user by valid ID                                     # src/test/resources/features/users.feature:11
  Given the API base URL is "https://jsonplaceholder.typicode.com" # com.example.demo.steps.ApiStepDefinitions.the_api_base_url_is(java.lang.String)
  When I send a GET request to "/users/1"                          # com.example.demo.steps.ApiStepDefinitions.i_send_a_get_request_to(java.lang.String)
  Then the response status code should be 200                      # com.example.demo.steps.ApiStepDefinitions.the_response_status_code_should_be(java.lang.Integer)
  And the field "id" should equal 1                                # com.example.demo.steps.ApiStepDefinitions.the_field_should_equal_int(java.lang.String,java.lang.Integer)
]]></system-out>
  </testcase>
  <testcase name="Get user by invalid ID" classname="Users API" time="0.708">
    <system-out><![CDATA[
Scenario: Get user by invalid ID                                   # src/test/resources/features/users.feature:16
  Given the API base URL is "https://jsonplaceholder.typicode.com" # com.example.demo.steps.ApiStepDefinitions.the_api_base_url_is(java.lang.String)
  When I send a GET request to "/users/9999"                       # com.example.demo.steps.ApiStepDefinitions.i_send_a_get_request_to(java.lang.String)
  Then the response status code should be 404                      # com.example.demo.steps.ApiStepDefinitions.the_response_status_code_should_be(java.lang.Integer)
]]></system-out>
  </testcase>
  <testcase name="Validate required fields in user object" classname="Users API" time="0.102">
    <system-out><![CDATA[
Scenario: Validate required fields in user object                  # src/test/resources/features/users.feature:20
  Given the API base URL is "https://jsonplaceholder.typicode.com" # com.example.demo.steps.ApiStepDefinitions.the_api_base_url_is(java.lang.String)
  When I send a GET request to "/users/1"                          # com.example.demo.steps.ApiStepDefinitions.i_send_a_get_request_to(java.lang.String)
  Then the response status code should be 200                      # com.example.demo.steps.ApiStepDefinitions.the_response_status_code_should_be(java.lang.Integer)
  And the field "name" should not be null                          # com.example.demo.steps.ApiStepDefinitions.the_field_should_not_be_null(java.lang.String)
  And the field "username" should not be null                      # com.example.demo.steps.ApiStepDefinitions.the_field_should_not_be_null(java.lang.String)
  And the field "email" should not be null                         # com.example.demo.steps.ApiStepDefinitions.the_field_should_not_be_null(java.lang.String)
]]></system-out>
  </testcase>
</testsuite>